{
  "stats": {
    "suites": 1,
    "tests": 2,
    "passes": 2,
    "pending": 0,
    "failures": 0,
    "start": "2023-10-28T10:18:34.355Z",
    "end": "2023-10-28T10:18:34.950Z",
    "duration": 595,
    "testsRegistered": 2,
    "passPercent": 100,
    "pendingPercent": 0,
    "other": 0,
    "hasOther": false,
    "skipped": 0,
    "hasSkipped": false
  },
  "results": [
    {
      "uuid": "e444f07e-60ce-4f58-a034-1f57466e5dd9",
      "title": "",
      "fullFile": "/home/runner/work/user-micro-service/user-micro-service/src/test/regression_tests.js",
      "file": "/src/test/regression_tests.js",
      "beforeHooks": [],
      "afterHooks": [],
      "tests": [],
      "suites": [
        {
          "uuid": "9475b55b-337c-4314-9821-b0275ba8b609",
          "title": "User service regression tests",
          "fullFile": "/home/runner/work/user-micro-service/user-micro-service/src/test/regression_tests.js",
          "file": "/src/test/regression_tests.js",
          "beforeHooks": [],
          "afterHooks": [],
          "tests": [
            {
              "title": "Regression Test 1",
              "fullTitle": "User service regression tests Regression Test 1",
              "timedOut": false,
              "duration": 288,
              "state": "passed",
              "speed": "slow",
              "pass": true,
              "fail": false,
              "pending": false,
              "context": null,
              "code": "const response = await fetch('https://user-service-azky.onrender.com/api/user/get-all-users');\n        expect(response.status).to.equal(200);\n        const data = await response.json();\n        console.log(data);",
              "err": {},
              "uuid": "89ead872-afe9-4123-a02e-7fd7a922ed6c",
              "parentUUID": "9475b55b-337c-4314-9821-b0275ba8b609",
              "isHook": false,
              "skipped": false
            },
            {
              "title": "Regression Test 2",
              "fullTitle": "User service regression tests Regression Test 2",
              "timedOut": false,
              "duration": 299,
              "state": "passed",
              "speed": "slow",
              "pass": true,
              "fail": false,
              "pending": false,
              "context": null,
              "code": "const response = await fetch('https://user-service-azky.onrender.com/api/user/get-all-users');\n        expect(response.status).to.equal(200);\n        const data = await response.json();\n        console.log(data);",
              "err": {},
              "uuid": "789ea83f-f075-4fd9-aa6a-ba5a9a13f8b1",
              "parentUUID": "9475b55b-337c-4314-9821-b0275ba8b609",
              "isHook": false,
              "skipped": false
            }
          ],
          "suites": [],
          "passes": [
            "89ead872-afe9-4123-a02e-7fd7a922ed6c",
            "789ea83f-f075-4fd9-aa6a-ba5a9a13f8b1"
          ],
          "failures": [],
          "pending": [],
          "skipped": [],
          "duration": 587,
          "root": false,
          "rootEmpty": false,
          "_timeout": 2000
        }
      ],
      "passes": [],
      "failures": [],
      "pending": [],
      "skipped": [],
      "duration": 0,
      "root": true,
      "rootEmpty": true,
      "_timeout": 2000
    }
  ],
  "meta": {
    "mocha": {
      "version": "10.2.0"
    },
    "mochawesome": {
      "options": {
        "quiet": false,
        "reportFilename": "mochawesome",
        "saveHtml": true,
        "saveJson": true,
        "consoleReporter": "spec",
        "useInlineDiffs": false,
        "code": true
      },
      "version": "7.1.3"
    },
    "marge": {
      "options": null,
      "version": "6.2.0"
    }
  }
}