{
  "stats": {
    "suites": 1,
    "tests": 1,
    "passes": 1,
    "pending": 0,
    "failures": 0,
    "start": "2023-10-28T10:12:45.971Z",
    "end": "2023-10-28T10:12:46.172Z",
    "duration": 201,
    "testsRegistered": 1,
    "passPercent": 100,
    "pendingPercent": 0,
    "other": 0,
    "hasOther": false,
    "skipped": 0,
    "hasSkipped": false
  },
  "results": [
    {
      "uuid": "7675fba1-b630-472d-bf7d-ca7b914566e1",
      "title": "",
      "fullFile": "/home/runner/work/user-micro-service/user-micro-service/src/test/smoke_tests.js",
      "file": "/src/test/smoke_tests.js",
      "beforeHooks": [],
      "afterHooks": [],
      "tests": [],
      "suites": [
        {
          "uuid": "e7350d8d-0fc6-4adf-9c30-b9757eb33037",
          "title": "User service smoke tests",
          "fullFile": "/home/runner/work/user-micro-service/user-micro-service/src/test/smoke_tests.js",
          "file": "/src/test/smoke_tests.js",
          "beforeHooks": [],
          "afterHooks": [],
          "tests": [
            {
              "title": "Should be able to get the users",
              "fullTitle": "User service smoke tests Should be able to get the users",
              "timedOut": false,
              "duration": 197,
              "state": "passed",
              "speed": "slow",
              "pass": true,
              "fail": false,
              "pending": false,
              "context": null,
              "code": "const response = await fetch('https://user-service-azky.onrender.com/api/user/get-all-users');\n        expect(response.status).to.equal(200);\n        const data = await response.json();\n        console.log(data);",
              "err": {},
              "uuid": "89ad1009-1006-4135-b8a2-ff71f7695a09",
              "parentUUID": "e7350d8d-0fc6-4adf-9c30-b9757eb33037",
              "isHook": false,
              "skipped": false
            }
          ],
          "suites": [],
          "passes": [
            "89ad1009-1006-4135-b8a2-ff71f7695a09"
          ],
          "failures": [],
          "pending": [],
          "skipped": [],
          "duration": 197,
          "root": false,
          "rootEmpty": false,
          "_timeout": 2000
        }
      ],
      "passes": [],
      "failures": [],
      "pending": [],
      "skipped": [],
      "duration": 0,
      "root": true,
      "rootEmpty": true,
      "_timeout": 2000
    }
  ],
  "meta": {
    "mocha": {
      "version": "10.2.0"
    },
    "mochawesome": {
      "options": {
        "quiet": false,
        "reportFilename": "mochawesome",
        "saveHtml": true,
        "saveJson": true,
        "consoleReporter": "spec",
        "useInlineDiffs": false,
        "code": true
      },
      "version": "7.1.3"
    },
    "marge": {
      "options": null,
      "version": "6.2.0"
    }
  }
}